{
  "uid" : "7691c6f0dd3ec56",
  "name" : "test_delete_comment",
  "fullName" : "test.test_conduit.TestConduit#test_delete_comment",
  "historyId" : "b13abe8dea944e6ace929e59c359b78e",
  "time" : {
    "start" : 1628592750753,
    "stop" : 1628592753778,
    "duration" : 3025
  },
  "status" : "failed",
  "statusMessage" : "AssertionError: assert 10 > 10\n +  where 10 = len([<selenium.webdriver.remote.webelement.WebElement (session=\"6375a46748de04155c66afe409645543\", element=\"db59b8fb-dcad-...belement.WebElement (session=\"6375a46748de04155c66afe409645543\", element=\"6fdaa2c3-ab75-470d-a110-b7983c1a0adb\")>, ...])\n +  and   10 = len([<selenium.webdriver.remote.webelement.WebElement (session=\"6375a46748de04155c66afe409645543\", element=\"db59b8fb-dcad-...belement.WebElement (session=\"6375a46748de04155c66afe409645543\", element=\"6fdaa2c3-ab75-470d-a110-b7983c1a0adb\")>, ...])",
  "statusTrace" : "self = <test_conduit.TestConduit object at 0x7f7f48aa8940>\n\n    def test_delete_comment(self):\n        sign_in(self.driver)\n        # WebDriverWait(self.driver, 5).until(\n        #     EC.presence_of_element_located((By.XPATH, '//a[@class=\"nav-link\" and @href=\"#/login\"]'))).click()\n        # WebDriverWait(self.driver, 5).until(\n        #     EC.presence_of_element_located((By.XPATH, '//input[@placeholder=\"Email\"]'))).send_keys(\"gzs@gmail.com\")\n        # WebDriverWait(self.driver, 5).until(\n        #     EC.presence_of_element_located((By.XPATH, '//input[@placeholder=\"Password\"]'))).send_keys(\"Asd12345\")\n        # WebDriverWait(self.driver, 5).until(\n        #     EC.presence_of_element_located(\n        #         (By.XPATH, '//button[@class=\"btn btn-lg btn-primary pull-xs-right\"]'))).click()\n        h1_list = search_all_element_xpath(self.driver, '//a[@class=\"preview-link\"]')\n        # h1_list = WebDriverWait(browser, 5).until(\n        #     EC.presence_of_all_elements_located((By.XPATH, '//a[@class=\"preview-link\"]')))\n        h1_list[0].click()\n    \n        delete_buttons = search_all_element_xpath(self.driver, '//i[@class=\"ion-trash-a\"]')\n        # delete_buttons = WebDriverWait(browser, 5).until(\n        #     EC.presence_of_all_elements_located((By.XPATH, '//i[@class=\"ion-trash-a\"]')))\n        # delete_buttons[0].click()\n        time.sleep(1)\n        delete_buttons2 = search_all_element_xpath(self.driver, '//i[@class=\"ion-trash-a\"]')\n        # delete_buttons2 = browser.find_elements_by_xpath('//i[@class=\"ion-trash-a\"]')\n>       assert len(delete_buttons) > len(delete_buttons2)\nE       assert 10 > 10\nE        +  where 10 = len([<selenium.webdriver.remote.webelement.WebElement (session=\"6375a46748de04155c66afe409645543\", element=\"db59b8fb-dcad-...belement.WebElement (session=\"6375a46748de04155c66afe409645543\", element=\"6fdaa2c3-ab75-470d-a110-b7983c1a0adb\")>, ...])\nE        +  and   10 = len([<selenium.webdriver.remote.webelement.WebElement (session=\"6375a46748de04155c66afe409645543\", element=\"db59b8fb-dcad-...belement.WebElement (session=\"6375a46748de04155c66afe409645543\", element=\"6fdaa2c3-ab75-470d-a110-b7983c1a0adb\")>, ...])\n\ntest/test_conduit.py:234: AssertionError",
  "flaky" : false,
  "newFailed" : false,
  "beforeStages" : [ ],
  "testStage" : {
    "status" : "failed",
    "statusMessage" : "AssertionError: assert 10 > 10\n +  where 10 = len([<selenium.webdriver.remote.webelement.WebElement (session=\"6375a46748de04155c66afe409645543\", element=\"db59b8fb-dcad-...belement.WebElement (session=\"6375a46748de04155c66afe409645543\", element=\"6fdaa2c3-ab75-470d-a110-b7983c1a0adb\")>, ...])\n +  and   10 = len([<selenium.webdriver.remote.webelement.WebElement (session=\"6375a46748de04155c66afe409645543\", element=\"db59b8fb-dcad-...belement.WebElement (session=\"6375a46748de04155c66afe409645543\", element=\"6fdaa2c3-ab75-470d-a110-b7983c1a0adb\")>, ...])",
    "statusTrace" : "self = <test_conduit.TestConduit object at 0x7f7f48aa8940>\n\n    def test_delete_comment(self):\n        sign_in(self.driver)\n        # WebDriverWait(self.driver, 5).until(\n        #     EC.presence_of_element_located((By.XPATH, '//a[@class=\"nav-link\" and @href=\"#/login\"]'))).click()\n        # WebDriverWait(self.driver, 5).until(\n        #     EC.presence_of_element_located((By.XPATH, '//input[@placeholder=\"Email\"]'))).send_keys(\"gzs@gmail.com\")\n        # WebDriverWait(self.driver, 5).until(\n        #     EC.presence_of_element_located((By.XPATH, '//input[@placeholder=\"Password\"]'))).send_keys(\"Asd12345\")\n        # WebDriverWait(self.driver, 5).until(\n        #     EC.presence_of_element_located(\n        #         (By.XPATH, '//button[@class=\"btn btn-lg btn-primary pull-xs-right\"]'))).click()\n        h1_list = search_all_element_xpath(self.driver, '//a[@class=\"preview-link\"]')\n        # h1_list = WebDriverWait(browser, 5).until(\n        #     EC.presence_of_all_elements_located((By.XPATH, '//a[@class=\"preview-link\"]')))\n        h1_list[0].click()\n    \n        delete_buttons = search_all_element_xpath(self.driver, '//i[@class=\"ion-trash-a\"]')\n        # delete_buttons = WebDriverWait(browser, 5).until(\n        #     EC.presence_of_all_elements_located((By.XPATH, '//i[@class=\"ion-trash-a\"]')))\n        # delete_buttons[0].click()\n        time.sleep(1)\n        delete_buttons2 = search_all_element_xpath(self.driver, '//i[@class=\"ion-trash-a\"]')\n        # delete_buttons2 = browser.find_elements_by_xpath('//i[@class=\"ion-trash-a\"]')\n>       assert len(delete_buttons) > len(delete_buttons2)\nE       assert 10 > 10\nE        +  where 10 = len([<selenium.webdriver.remote.webelement.WebElement (session=\"6375a46748de04155c66afe409645543\", element=\"db59b8fb-dcad-...belement.WebElement (session=\"6375a46748de04155c66afe409645543\", element=\"6fdaa2c3-ab75-470d-a110-b7983c1a0adb\")>, ...])\nE        +  and   10 = len([<selenium.webdriver.remote.webelement.WebElement (session=\"6375a46748de04155c66afe409645543\", element=\"db59b8fb-dcad-...belement.WebElement (session=\"6375a46748de04155c66afe409645543\", element=\"6fdaa2c3-ab75-470d-a110-b7983c1a0adb\")>, ...])\n\ntest/test_conduit.py:234: AssertionError",
    "steps" : [ ],
    "attachments" : [ {
      "uid" : "3873eb9621bf0aeb",
      "name" : "log",
      "source" : "3873eb9621bf0aeb.txt",
      "type" : "text/plain",
      "size" : 344
    }, {
      "uid" : "d70db99bbf6a35fc",
      "name" : "stderr",
      "source" : "d70db99bbf6a35fc.txt",
      "type" : "text/plain",
      "size" : 215
    } ],
    "parameters" : [ ],
    "stepsCount" : 0,
    "attachmentsCount" : 2,
    "shouldDisplayMessage" : true,
    "hasContent" : true
  },
  "afterStages" : [ ],
  "labels" : [ {
    "name" : "parentSuite",
    "value" : "test"
  }, {
    "name" : "suite",
    "value" : "test_conduit"
  }, {
    "name" : "subSuite",
    "value" : "TestConduit"
  }, {
    "name" : "host",
    "value" : "fv-az33-714"
  }, {
    "name" : "thread",
    "value" : "3758-MainThread"
  }, {
    "name" : "framework",
    "value" : "pytest"
  }, {
    "name" : "language",
    "value" : "cpython3"
  }, {
    "name" : "package",
    "value" : "test.test_conduit"
  }, {
    "name" : "resultFormat",
    "value" : "allure2"
  } ],
  "parameters" : [ ],
  "links" : [ ],
  "hidden" : false,
  "retry" : false,
  "extra" : {
    "severity" : "normal",
    "retries" : [ ],
    "categories" : [ {
      "name" : "Product defects",
      "matchedStatuses" : [ ],
      "flaky" : false
    } ],
    "tags" : [ ]
  },
  "source" : "7691c6f0dd3ec56.json",
  "parameterValues" : [ ]
}