{
  "uid" : "bd39f5c291862dca",
  "name" : "test_delete_article",
  "fullName" : "test.test_conduit.TestConduit#test_delete_article",
  "historyId" : "85f12719baf830d4fd44fb60dffa3ced",
  "time" : {
    "start" : 1628589434257,
    "stop" : 1628589437893,
    "duration" : 3636
  },
  "status" : "failed",
  "statusMessage" : "AssertionError: assert 1 > 11\n +  where 1 = len([<selenium.webdriver.remote.webelement.WebElement (session=\"8b3714869b272ab0ae947c63b5605d69\", element=\"1c4efb17-e1fc-484e-8d08-1c92c9df8d38\")>])\n +  and   11 = len([<selenium.webdriver.remote.webelement.WebElement (session=\"8b3714869b272ab0ae947c63b5605d69\", element=\"62d6ffbf-80b0-...belement.WebElement (session=\"8b3714869b272ab0ae947c63b5605d69\", element=\"ce245343-e316-4b95-8721-9fc3ab27adff\")>, ...])",
  "statusTrace" : "self = <test_conduit.TestConduit object at 0x7f889adb5f40>\n\n    def test_delete_article(self):\n        WebDriverWait(self.driver, 5).until(\n            EC.presence_of_element_located((By.XPATH, '//a[@class=\"nav-link\" and @href=\"#/login\"]'))).click()\n        WebDriverWait(self.driver, 5).until(\n            EC.presence_of_element_located((By.XPATH, '//input[@placeholder=\"Email\"]'))).send_keys(\"gzs@gmail.com\")\n        WebDriverWait(self.driver, 5).until(\n            EC.presence_of_element_located((By.XPATH, '//input[@placeholder=\"Password\"]'))).send_keys(\"Asd12345\")\n        WebDriverWait(self.driver, 5).until(\n            EC.presence_of_element_located(\n                (By.XPATH, '//button[@class=\"btn btn-lg btn-primary pull-xs-right\"]'))).click()\n    \n        WebDriverWait(self.driver, 5).until(\n            EC.presence_of_element_located((By.XPATH, '//a[@class=\"nav-link\" and @href=\"#/@Gzs/\"]'))).click()\n        time.sleep(1)\n        h1_list = self.driver.find_elements_by_xpath('//a[@class=\"preview-link\"]')\n        h1_list[0].click()\n        WebDriverWait(self.driver, 5).until(\n            EC.presence_of_element_located((By.XPATH, '//button[@class=\"btn btn-outline-danger btn-sm\"]'))).click()\n        time.sleep(1)\n        WebDriverWait(self.driver, 5).until(\n            EC.presence_of_element_located((By.XPATH, '//a[@class=\"nav-link\" and @href=\"#/@Gzs/\"]'))).click()\n        h1_list2 = self.driver.find_elements_by_xpath('//a[@class=\"preview-link\"]')\n>       assert len(h1_list) > len(h1_list2)\nE       assert 1 > 11\nE        +  where 1 = len([<selenium.webdriver.remote.webelement.WebElement (session=\"8b3714869b272ab0ae947c63b5605d69\", element=\"1c4efb17-e1fc-484e-8d08-1c92c9df8d38\")>])\nE        +  and   11 = len([<selenium.webdriver.remote.webelement.WebElement (session=\"8b3714869b272ab0ae947c63b5605d69\", element=\"62d6ffbf-80b0-...belement.WebElement (session=\"8b3714869b272ab0ae947c63b5605d69\", element=\"ce245343-e316-4b95-8721-9fc3ab27adff\")>, ...])\n\ntest/test_conduit.py:223: AssertionError",
  "flaky" : false,
  "newFailed" : false,
  "beforeStages" : [ ],
  "testStage" : {
    "status" : "failed",
    "statusMessage" : "AssertionError: assert 1 > 11\n +  where 1 = len([<selenium.webdriver.remote.webelement.WebElement (session=\"8b3714869b272ab0ae947c63b5605d69\", element=\"1c4efb17-e1fc-484e-8d08-1c92c9df8d38\")>])\n +  and   11 = len([<selenium.webdriver.remote.webelement.WebElement (session=\"8b3714869b272ab0ae947c63b5605d69\", element=\"62d6ffbf-80b0-...belement.WebElement (session=\"8b3714869b272ab0ae947c63b5605d69\", element=\"ce245343-e316-4b95-8721-9fc3ab27adff\")>, ...])",
    "statusTrace" : "self = <test_conduit.TestConduit object at 0x7f889adb5f40>\n\n    def test_delete_article(self):\n        WebDriverWait(self.driver, 5).until(\n            EC.presence_of_element_located((By.XPATH, '//a[@class=\"nav-link\" and @href=\"#/login\"]'))).click()\n        WebDriverWait(self.driver, 5).until(\n            EC.presence_of_element_located((By.XPATH, '//input[@placeholder=\"Email\"]'))).send_keys(\"gzs@gmail.com\")\n        WebDriverWait(self.driver, 5).until(\n            EC.presence_of_element_located((By.XPATH, '//input[@placeholder=\"Password\"]'))).send_keys(\"Asd12345\")\n        WebDriverWait(self.driver, 5).until(\n            EC.presence_of_element_located(\n                (By.XPATH, '//button[@class=\"btn btn-lg btn-primary pull-xs-right\"]'))).click()\n    \n        WebDriverWait(self.driver, 5).until(\n            EC.presence_of_element_located((By.XPATH, '//a[@class=\"nav-link\" and @href=\"#/@Gzs/\"]'))).click()\n        time.sleep(1)\n        h1_list = self.driver.find_elements_by_xpath('//a[@class=\"preview-link\"]')\n        h1_list[0].click()\n        WebDriverWait(self.driver, 5).until(\n            EC.presence_of_element_located((By.XPATH, '//button[@class=\"btn btn-outline-danger btn-sm\"]'))).click()\n        time.sleep(1)\n        WebDriverWait(self.driver, 5).until(\n            EC.presence_of_element_located((By.XPATH, '//a[@class=\"nav-link\" and @href=\"#/@Gzs/\"]'))).click()\n        h1_list2 = self.driver.find_elements_by_xpath('//a[@class=\"preview-link\"]')\n>       assert len(h1_list) > len(h1_list2)\nE       assert 1 > 11\nE        +  where 1 = len([<selenium.webdriver.remote.webelement.WebElement (session=\"8b3714869b272ab0ae947c63b5605d69\", element=\"1c4efb17-e1fc-484e-8d08-1c92c9df8d38\")>])\nE        +  and   11 = len([<selenium.webdriver.remote.webelement.WebElement (session=\"8b3714869b272ab0ae947c63b5605d69\", element=\"62d6ffbf-80b0-...belement.WebElement (session=\"8b3714869b272ab0ae947c63b5605d69\", element=\"ce245343-e316-4b95-8721-9fc3ab27adff\")>, ...])\n\ntest/test_conduit.py:223: AssertionError",
    "steps" : [ ],
    "attachments" : [ {
      "uid" : "610307e99f92fd55",
      "name" : "log",
      "source" : "610307e99f92fd55.txt",
      "type" : "text/plain",
      "size" : 344
    }, {
      "uid" : "8e2fb8b7f91b0417",
      "name" : "stderr",
      "source" : "8e2fb8b7f91b0417.txt",
      "type" : "text/plain",
      "size" : 215
    } ],
    "parameters" : [ ],
    "stepsCount" : 0,
    "attachmentsCount" : 2,
    "shouldDisplayMessage" : true,
    "hasContent" : true
  },
  "afterStages" : [ ],
  "labels" : [ {
    "name" : "parentSuite",
    "value" : "test"
  }, {
    "name" : "suite",
    "value" : "test_conduit"
  }, {
    "name" : "subSuite",
    "value" : "TestConduit"
  }, {
    "name" : "host",
    "value" : "fv-az83-740"
  }, {
    "name" : "thread",
    "value" : "3737-MainThread"
  }, {
    "name" : "framework",
    "value" : "pytest"
  }, {
    "name" : "language",
    "value" : "cpython3"
  }, {
    "name" : "package",
    "value" : "test.test_conduit"
  }, {
    "name" : "resultFormat",
    "value" : "allure2"
  } ],
  "parameters" : [ ],
  "links" : [ ],
  "hidden" : false,
  "retry" : false,
  "extra" : {
    "severity" : "normal",
    "retries" : [ ],
    "categories" : [ {
      "name" : "Product defects",
      "matchedStatuses" : [ ],
      "flaky" : false
    } ],
    "tags" : [ ]
  },
  "source" : "bd39f5c291862dca.json",
  "parameterValues" : [ ]
}