{
  "uid" : "4cadc704c0bcafb0",
  "name" : "test_edit_article",
  "fullName" : "test.test_conduit.TestConduit#test_edit_article",
  "historyId" : "de47689bd25a54c40a56ddde138ad83c",
  "time" : {
    "start" : 1628587960660,
    "stop" : 1628587968857,
    "duration" : 8197
  },
  "status" : "broken",
  "statusMessage" : "selenium.common.exceptions.TimeoutException: Message:",
  "statusTrace" : "self = <test_conduit.TestConduit object at 0x7f03efe38970>\n\n    def test_edit_article(self):\n        WebDriverWait(self.driver, 5).until(\n            EC.presence_of_element_located((By.XPATH, '//a[@class=\"nav-link\" and @href=\"#/login\"]'))).click()\n        WebDriverWait(self.driver, 5).until(\n            EC.presence_of_element_located((By.XPATH, '//input[@placeholder=\"Email\"]'))).send_keys(\"gzs@gmail.com\")\n        WebDriverWait(self.driver, 5).until(\n            EC.presence_of_element_located((By.XPATH, '//input[@placeholder=\"Password\"]'))).send_keys(\"Asd12345\")\n        WebDriverWait(self.driver, 5).until(\n            EC.presence_of_element_located(\n                (By.XPATH, '//button[@class=\"btn btn-lg btn-primary pull-xs-right\"]'))).click()\n    \n        WebDriverWait(self.driver, 5).until(\n            EC.presence_of_element_located((By.XPATH, '//a[@class=\"nav-link\" and @href=\"#/@Gzs/\"]'))).click()\n        time.sleep(2)\n        h1_list = self.driver.find_elements_by_xpath('//a[@class=\"preview-link\"]')\n        h1_list[0].click()\n>       WebDriverWait(self.driver, 5).until(\n            EC.presence_of_element_located((By.XPATH, '//a[@class=\"btn btn-sm btn-outline-secondary\"]'))).click()\n\ntest/test_conduit.py:240: \n_ _ _ _ _ _ _ _ _ _ _ _ _ _ _ _ _ _ _ _ _ _ _ _ _ _ _ _ _ _ _ _ _ _ _ _ _ _ _ _ \n\nself = <selenium.webdriver.support.wait.WebDriverWait (session=\"93f8ade14d34e0d2bd6b7123bc572614\")>\nmethod = <selenium.webdriver.support.expected_conditions.presence_of_element_located object at 0x7f03efe548b0>\nmessage = ''\n\n    def until(self, method, message=''):\n        \"\"\"Calls the method provided with the driver as an argument until the \\\n        return value is not False.\"\"\"\n        screen = None\n        stacktrace = None\n    \n        end_time = time.time() + self._timeout\n        while True:\n            try:\n                value = method(self._driver)\n                if value:\n                    return value\n            except self._ignored_exceptions as exc:\n                screen = getattr(exc, 'screen', None)\n                stacktrace = getattr(exc, 'stacktrace', None)\n            time.sleep(self._poll)\n            if time.time() > end_time:\n                break\n>       raise TimeoutException(message, screen, stacktrace)\nE       selenium.common.exceptions.TimeoutException: Message:\n\n/opt/hostedtoolcache/Python/3.9.5/x64/lib/python3.9/site-packages/selenium/webdriver/support/wait.py:80: TimeoutException",
  "flaky" : false,
  "newFailed" : false,
  "beforeStages" : [ ],
  "testStage" : {
    "status" : "broken",
    "statusMessage" : "selenium.common.exceptions.TimeoutException: Message:",
    "statusTrace" : "self = <test_conduit.TestConduit object at 0x7f03efe38970>\n\n    def test_edit_article(self):\n        WebDriverWait(self.driver, 5).until(\n            EC.presence_of_element_located((By.XPATH, '//a[@class=\"nav-link\" and @href=\"#/login\"]'))).click()\n        WebDriverWait(self.driver, 5).until(\n            EC.presence_of_element_located((By.XPATH, '//input[@placeholder=\"Email\"]'))).send_keys(\"gzs@gmail.com\")\n        WebDriverWait(self.driver, 5).until(\n            EC.presence_of_element_located((By.XPATH, '//input[@placeholder=\"Password\"]'))).send_keys(\"Asd12345\")\n        WebDriverWait(self.driver, 5).until(\n            EC.presence_of_element_located(\n                (By.XPATH, '//button[@class=\"btn btn-lg btn-primary pull-xs-right\"]'))).click()\n    \n        WebDriverWait(self.driver, 5).until(\n            EC.presence_of_element_located((By.XPATH, '//a[@class=\"nav-link\" and @href=\"#/@Gzs/\"]'))).click()\n        time.sleep(2)\n        h1_list = self.driver.find_elements_by_xpath('//a[@class=\"preview-link\"]')\n        h1_list[0].click()\n>       WebDriverWait(self.driver, 5).until(\n            EC.presence_of_element_located((By.XPATH, '//a[@class=\"btn btn-sm btn-outline-secondary\"]'))).click()\n\ntest/test_conduit.py:240: \n_ _ _ _ _ _ _ _ _ _ _ _ _ _ _ _ _ _ _ _ _ _ _ _ _ _ _ _ _ _ _ _ _ _ _ _ _ _ _ _ \n\nself = <selenium.webdriver.support.wait.WebDriverWait (session=\"93f8ade14d34e0d2bd6b7123bc572614\")>\nmethod = <selenium.webdriver.support.expected_conditions.presence_of_element_located object at 0x7f03efe548b0>\nmessage = ''\n\n    def until(self, method, message=''):\n        \"\"\"Calls the method provided with the driver as an argument until the \\\n        return value is not False.\"\"\"\n        screen = None\n        stacktrace = None\n    \n        end_time = time.time() + self._timeout\n        while True:\n            try:\n                value = method(self._driver)\n                if value:\n                    return value\n            except self._ignored_exceptions as exc:\n                screen = getattr(exc, 'screen', None)\n                stacktrace = getattr(exc, 'stacktrace', None)\n            time.sleep(self._poll)\n            if time.time() > end_time:\n                break\n>       raise TimeoutException(message, screen, stacktrace)\nE       selenium.common.exceptions.TimeoutException: Message:\n\n/opt/hostedtoolcache/Python/3.9.5/x64/lib/python3.9/site-packages/selenium/webdriver/support/wait.py:80: TimeoutException",
    "steps" : [ ],
    "attachments" : [ {
      "uid" : "e0bbf11944396544",
      "name" : "log",
      "source" : "e0bbf11944396544.txt",
      "type" : "text/plain",
      "size" : 344
    }, {
      "uid" : "cf0c8c55b95bdc3f",
      "name" : "stderr",
      "source" : "cf0c8c55b95bdc3f.txt",
      "type" : "text/plain",
      "size" : 215
    } ],
    "parameters" : [ ],
    "stepsCount" : 0,
    "attachmentsCount" : 2,
    "shouldDisplayMessage" : true,
    "hasContent" : true
  },
  "afterStages" : [ ],
  "labels" : [ {
    "name" : "parentSuite",
    "value" : "test"
  }, {
    "name" : "suite",
    "value" : "test_conduit"
  }, {
    "name" : "subSuite",
    "value" : "TestConduit"
  }, {
    "name" : "host",
    "value" : "fv-az36-633"
  }, {
    "name" : "thread",
    "value" : "3797-MainThread"
  }, {
    "name" : "framework",
    "value" : "pytest"
  }, {
    "name" : "language",
    "value" : "cpython3"
  }, {
    "name" : "package",
    "value" : "test.test_conduit"
  }, {
    "name" : "resultFormat",
    "value" : "allure2"
  } ],
  "parameters" : [ ],
  "links" : [ ],
  "hidden" : false,
  "retry" : false,
  "extra" : {
    "severity" : "normal",
    "retries" : [ ],
    "categories" : [ {
      "name" : "Test defects",
      "matchedStatuses" : [ ],
      "flaky" : false
    } ],
    "tags" : [ ]
  },
  "source" : "4cadc704c0bcafb0.json",
  "parameterValues" : [ ]
}