{
  "uid" : "b444087e0e986a53",
  "name" : "test_delete_article",
  "fullName" : "test.test_conduit.TestConduit#test_delete_article",
  "historyId" : "85f12719baf830d4fd44fb60dffa3ced",
  "time" : {
    "start" : 1628587954915,
    "stop" : 1628587958999,
    "duration" : 4084
  },
  "status" : "failed",
  "statusMessage" : "AssertionError: assert 1 > 11\n +  where 1 = len([<selenium.webdriver.remote.webelement.WebElement (session=\"c49f07163595376a028b4f892985a006\", element=\"9144270f-29fa-48f0-a941-b4a868c4f6ae\")>])\n +  and   11 = len([<selenium.webdriver.remote.webelement.WebElement (session=\"c49f07163595376a028b4f892985a006\", element=\"247c6839-433a-...belement.WebElement (session=\"c49f07163595376a028b4f892985a006\", element=\"fe07beb3-4c14-45c4-9408-fe40f8532e4e\")>, ...])",
  "statusTrace" : "self = <test_conduit.TestConduit object at 0x7f03efe38c10>\n\n    def test_delete_article(self):\n        WebDriverWait(self.driver, 5).until(\n            EC.presence_of_element_located((By.XPATH, '//a[@class=\"nav-link\" and @href=\"#/login\"]'))).click()\n        WebDriverWait(self.driver, 5).until(\n            EC.presence_of_element_located((By.XPATH, '//input[@placeholder=\"Email\"]'))).send_keys(\"gzs@gmail.com\")\n        WebDriverWait(self.driver, 5).until(\n            EC.presence_of_element_located((By.XPATH, '//input[@placeholder=\"Password\"]'))).send_keys(\"Asd12345\")\n        WebDriverWait(self.driver, 5).until(\n            EC.presence_of_element_located(\n                (By.XPATH, '//button[@class=\"btn btn-lg btn-primary pull-xs-right\"]'))).click()\n    \n        WebDriverWait(self.driver, 5).until(\n            EC.presence_of_element_located((By.XPATH, '//a[@class=\"nav-link\" and @href=\"#/@Gzs/\"]'))).click()\n        time.sleep(1)\n        h1_list = self.driver.find_elements_by_xpath('//a[@class=\"preview-link\"]')\n        h1_list[0].click()\n        WebDriverWait(self.driver, 5).until(\n            EC.presence_of_element_located((By.XPATH, '//button[@class=\"btn btn-outline-danger btn-sm\"]'))).click()\n        time.sleep(1)\n        WebDriverWait(self.driver, 5).until(\n            EC.presence_of_element_located((By.XPATH, '//a[@class=\"nav-link\" and @href=\"#/@Gzs/\"]'))).click()\n        h1_list2 = self.driver.find_elements_by_xpath('//a[@class=\"preview-link\"]')\n>       assert len(h1_list) > len(h1_list2)\nE       assert 1 > 11\nE        +  where 1 = len([<selenium.webdriver.remote.webelement.WebElement (session=\"c49f07163595376a028b4f892985a006\", element=\"9144270f-29fa-48f0-a941-b4a868c4f6ae\")>])\nE        +  and   11 = len([<selenium.webdriver.remote.webelement.WebElement (session=\"c49f07163595376a028b4f892985a006\", element=\"247c6839-433a-...belement.WebElement (session=\"c49f07163595376a028b4f892985a006\", element=\"fe07beb3-4c14-45c4-9408-fe40f8532e4e\")>, ...])\n\ntest/test_conduit.py:221: AssertionError",
  "flaky" : false,
  "newFailed" : false,
  "beforeStages" : [ ],
  "testStage" : {
    "status" : "failed",
    "statusMessage" : "AssertionError: assert 1 > 11\n +  where 1 = len([<selenium.webdriver.remote.webelement.WebElement (session=\"c49f07163595376a028b4f892985a006\", element=\"9144270f-29fa-48f0-a941-b4a868c4f6ae\")>])\n +  and   11 = len([<selenium.webdriver.remote.webelement.WebElement (session=\"c49f07163595376a028b4f892985a006\", element=\"247c6839-433a-...belement.WebElement (session=\"c49f07163595376a028b4f892985a006\", element=\"fe07beb3-4c14-45c4-9408-fe40f8532e4e\")>, ...])",
    "statusTrace" : "self = <test_conduit.TestConduit object at 0x7f03efe38c10>\n\n    def test_delete_article(self):\n        WebDriverWait(self.driver, 5).until(\n            EC.presence_of_element_located((By.XPATH, '//a[@class=\"nav-link\" and @href=\"#/login\"]'))).click()\n        WebDriverWait(self.driver, 5).until(\n            EC.presence_of_element_located((By.XPATH, '//input[@placeholder=\"Email\"]'))).send_keys(\"gzs@gmail.com\")\n        WebDriverWait(self.driver, 5).until(\n            EC.presence_of_element_located((By.XPATH, '//input[@placeholder=\"Password\"]'))).send_keys(\"Asd12345\")\n        WebDriverWait(self.driver, 5).until(\n            EC.presence_of_element_located(\n                (By.XPATH, '//button[@class=\"btn btn-lg btn-primary pull-xs-right\"]'))).click()\n    \n        WebDriverWait(self.driver, 5).until(\n            EC.presence_of_element_located((By.XPATH, '//a[@class=\"nav-link\" and @href=\"#/@Gzs/\"]'))).click()\n        time.sleep(1)\n        h1_list = self.driver.find_elements_by_xpath('//a[@class=\"preview-link\"]')\n        h1_list[0].click()\n        WebDriverWait(self.driver, 5).until(\n            EC.presence_of_element_located((By.XPATH, '//button[@class=\"btn btn-outline-danger btn-sm\"]'))).click()\n        time.sleep(1)\n        WebDriverWait(self.driver, 5).until(\n            EC.presence_of_element_located((By.XPATH, '//a[@class=\"nav-link\" and @href=\"#/@Gzs/\"]'))).click()\n        h1_list2 = self.driver.find_elements_by_xpath('//a[@class=\"preview-link\"]')\n>       assert len(h1_list) > len(h1_list2)\nE       assert 1 > 11\nE        +  where 1 = len([<selenium.webdriver.remote.webelement.WebElement (session=\"c49f07163595376a028b4f892985a006\", element=\"9144270f-29fa-48f0-a941-b4a868c4f6ae\")>])\nE        +  and   11 = len([<selenium.webdriver.remote.webelement.WebElement (session=\"c49f07163595376a028b4f892985a006\", element=\"247c6839-433a-...belement.WebElement (session=\"c49f07163595376a028b4f892985a006\", element=\"fe07beb3-4c14-45c4-9408-fe40f8532e4e\")>, ...])\n\ntest/test_conduit.py:221: AssertionError",
    "steps" : [ ],
    "attachments" : [ {
      "uid" : "78e65cdccdff8982",
      "name" : "log",
      "source" : "78e65cdccdff8982.txt",
      "type" : "text/plain",
      "size" : 344
    }, {
      "uid" : "2b66795197e028ff",
      "name" : "stderr",
      "source" : "2b66795197e028ff.txt",
      "type" : "text/plain",
      "size" : 215
    } ],
    "parameters" : [ ],
    "stepsCount" : 0,
    "attachmentsCount" : 2,
    "shouldDisplayMessage" : true,
    "hasContent" : true
  },
  "afterStages" : [ ],
  "labels" : [ {
    "name" : "parentSuite",
    "value" : "test"
  }, {
    "name" : "suite",
    "value" : "test_conduit"
  }, {
    "name" : "subSuite",
    "value" : "TestConduit"
  }, {
    "name" : "host",
    "value" : "fv-az36-633"
  }, {
    "name" : "thread",
    "value" : "3797-MainThread"
  }, {
    "name" : "framework",
    "value" : "pytest"
  }, {
    "name" : "language",
    "value" : "cpython3"
  }, {
    "name" : "package",
    "value" : "test.test_conduit"
  }, {
    "name" : "resultFormat",
    "value" : "allure2"
  } ],
  "parameters" : [ ],
  "links" : [ ],
  "hidden" : false,
  "retry" : false,
  "extra" : {
    "severity" : "normal",
    "retries" : [ ],
    "categories" : [ {
      "name" : "Product defects",
      "matchedStatuses" : [ ],
      "flaky" : false
    } ],
    "tags" : [ ]
  },
  "source" : "b444087e0e986a53.json",
  "parameterValues" : [ ]
}